------------------------------------------------------------------------------------------------------------------------

[2021-11-16 00:18:38 #1 store] 
Database 'C:\Users\Iñaki Moreno\eclipse-workspace\Bets20JSF\src\main\resources\bets.temp' is opened by 25528@DESKTOP-UN6F2EK

[2021-11-16 00:18:38 #2 type.registry] 
New type domain.Question

[2021-11-16 00:18:38 #3 type] 
Type domain.Question is not enhanced.

[2021-11-16 00:18:38 #4 type.registry] 
New type domain.Event

[2021-11-16 00:18:38 #5 type] 
Type domain.Event is not enhanced.

[2021-11-16 00:18:38 #6 type.registry] 
New type java.util.Vector<domain.Question>

[2021-11-16 00:18:38 #7 type.registry] 
New type java.util.Vector<java.lang.Object>

------------------------------------------------------------------------------------------------------------------------

[2021-11-16 00:19:01 #1 store] 
Database 'C:\Users\Iñaki Moreno\eclipse-workspace\Bets20JSF\src\main\resources\bets.temp' is opened by 24212@DESKTOP-UN6F2EK

[2021-11-16 00:19:01 #2 type.registry] 
New type domain.Question

[2021-11-16 00:19:01 #3 type] 
Type domain.Question is not enhanced.

[2021-11-16 00:19:01 #4 type.registry] 
New type domain.Event

[2021-11-16 00:19:01 #5 type] 
Type domain.Event is not enhanced.

[2021-11-16 00:19:01 #6 type.registry] 
New type java.util.Vector<domain.Question>

[2021-11-16 00:19:01 #7 type.registry] 
New type java.util.Vector<java.lang.Object>

